Performing C SOURCE FILE Test CMAKE_HAVE_LIBC_PTHREAD failed with the following output:
Change Dir: /home/yuanhe/Practice/build/CMakeFiles/CMakeTmp

Run Build Command(s):/usr/bin/make cmTC_dad30/fast && /usr/bin/make -f CMakeFiles/cmTC_dad30.dir/build.make CMakeFiles/cmTC_dad30.dir/build
make[1]: 进入目录“/home/yuanhe/Practice/build/CMakeFiles/CMakeTmp”
Building C object CMakeFiles/cmTC_dad30.dir/src.c.o
/usr/bin/cc   -DCMAKE_HAVE_LIBC_PTHREAD   -o CMakeFiles/cmTC_dad30.dir/src.c.o   -c /home/yuanhe/Practice/build/CMakeFiles/CMakeTmp/src.c
Linking C executable cmTC_dad30
/usr/local/bin/cmake -E cmake_link_script CMakeFiles/cmTC_dad30.dir/link.txt --verbose=1
/usr/bin/cc  -DCMAKE_HAVE_LIBC_PTHREAD    -rdynamic CMakeFiles/cmTC_dad30.dir/src.c.o  -o cmTC_dad30 
CMakeFiles/cmTC_dad30.dir/src.c.o：在函数‘main’中：
src.c:(.text+0x3e)：对‘pthread_create’未定义的引用
src.c:(.text+0x4a)：对‘pthread_detach’未定义的引用
src.c:(.text+0x56)：对‘pthread_cancel’未定义的引用
src.c:(.text+0x67)：对‘pthread_join’未定义的引用
src.c:(.text+0x7b)：对‘pthread_atfork’未定义的引用
collect2: error: ld returned 1 exit status
CMakeFiles/cmTC_dad30.dir/build.make:103: recipe for target 'cmTC_dad30' failed
make[1]: *** [cmTC_dad30] Error 1
make[1]: 离开目录“/home/yuanhe/Practice/build/CMakeFiles/CMakeTmp”
Makefile:138: recipe for target 'cmTC_dad30/fast' failed
make: *** [cmTC_dad30/fast] Error 2


Source file was:
#include <pthread.h>

void* test_func(void* data)
{
  return data;
}

int main(void)
{
  pthread_t thread;
  pthread_create(&thread, NULL, test_func, NULL);
  pthread_detach(thread);
  pthread_cancel(thread);
  pthread_join(thread, NULL);
  pthread_atfork(NULL, NULL, NULL);
  pthread_exit(NULL);

  return 0;
}

Determining if the function pthread_create exists in the pthreads failed with the following output:
Change Dir: /home/yuanhe/Practice/build/CMakeFiles/CMakeTmp

Run Build Command(s):/usr/bin/make cmTC_92e68/fast && /usr/bin/make -f CMakeFiles/cmTC_92e68.dir/build.make CMakeFiles/cmTC_92e68.dir/build
make[1]: 进入目录“/home/yuanhe/Practice/build/CMakeFiles/CMakeTmp”
Building C object CMakeFiles/cmTC_92e68.dir/CheckFunctionExists.c.o
/usr/bin/cc   -DCHECK_FUNCTION_EXISTS=pthread_create   -o CMakeFiles/cmTC_92e68.dir/CheckFunctionExists.c.o   -c /usr/local/share/cmake-3.17/Modules/CheckFunctionExists.c
Linking C executable cmTC_92e68
/usr/local/bin/cmake -E cmake_link_script CMakeFiles/cmTC_92e68.dir/link.txt --verbose=1
/usr/bin/cc  -DCHECK_FUNCTION_EXISTS=pthread_create    -rdynamic CMakeFiles/cmTC_92e68.dir/CheckFunctionExists.c.o  -o cmTC_92e68  -lpthreads 
/usr/bin/ld: 找不到 -lpthreads
collect2: error: ld returned 1 exit status
CMakeFiles/cmTC_92e68.dir/build.make:103: recipe for target 'cmTC_92e68' failed
make[1]: *** [cmTC_92e68] Error 1
make[1]: 离开目录“/home/yuanhe/Practice/build/CMakeFiles/CMakeTmp”
Makefile:138: recipe for target 'cmTC_92e68/fast' failed
make: *** [cmTC_92e68/fast] Error 2



